gen,k1,k2,f,w,paramsMuted
7360,10000032.5776,100000031.152,10,1.0,k1 k2
8656,10000024.8929,100000031.152,10,1.0,k1
10627,10000024.8929,100000066.829,10,1.0,k2
25222,10000022.6281,100000066.829,10,1.0,k1
26437,10000022.6281,100000066.829,16.5245985134,0.999964722669,f
26669,9999991.87423,100000069.267,8.35165691441,0.999995611463,f k1 k2
29211,9999991.87423,100000065.099,4.98586594963,0.999936749038,f k2
33749,9999991.87423,100000084.572,36.728256943,0.999758852453,f k2
34288,9999991.87423,100000077.017,36.728256943,0.999758852477,k2
35513,9999985.1548,100000077.017,36.728256943,0.999758852725,k1
41484,9999998.58564,100000083.691,21.3295113054,0.999919085249,f k1 k2
44909,9999996.15643,100000067.996,21.5906933392,0.999916435756,f k1 k2
44923,9999987.47413,100000067.996,21.5906933392,0.999916435944,k1
46511,9999987.47413,100000067.996,16.6115470643,0.999963975114,f
50081,9999996.48833,100000067.996,16.6115470643,0.999963974987,k1
51126,9999993.92787,100000059.301,16.6115470643,0.999963975034,k1 k2
53623,10000004.6843,100000059.301,16.6115470643,0.999963974882,k1
54804,10000004.6843,100000059.301,34.2883798693,0.999783826728,f
56836,10000004.6843,100000065.217,9.62615033245,0.999999802028,f k2
60281,10000004.6843,100000049.649,9.62615033245,0.999999802027,k2
60558,9999995.11822,100000049.649,9.62615033245,0.999999802017,k1
61629,9999991.0683,100000049.649,7.83877318315,0.99999201095,f k1
62133,9999991.0683,100000027.06,7.83877318315,0.999992010938,k2
63623,9999982.26105,100000070.249,15.214147407,0.99997545327,f k1 k2
68026,9999974.19775,100000097.018,12.24871389,0.999994319232,f k1 k2
71770,9999974.19775,100000076.289,12.24871389,0.999994319242,k2
76570,9999939.90384,100000057.983,15.4025311535,0.999973980257,f k1 k2
80611,9999939.90384,100000077.35,15.4025311535,0.999973980237,k2
86983,9999939.90384,100000087.137,15.4025311535,0.999973980227,k2
87091,9999934.45686,100000094.396,15.4025311535,0.999973980285,k1 k2
87467,9999937.98617,100000127.362,29.249267133,0.999836389568,f k1 k2
88524,9999953.22716,100000123.007,42.469622677,0.999701676701,f k1 k2
89746,10000010.6082,100000154.162,59.7981078193,0.999543837999,f k1 k2
91154,10000010.6082,100000154.162,83.5465254902,0.999359537823,f
93731,10000010.6082,100000154.162,126.338150757,0.999093567476,f
94094,10000010.6082,100000108.05,141.414526098,0.999014283001,f k2
95876,10000049.5258,100000109.063,141.414526098,0.999014280237,k1 k2
97658,10000103.6031,100000110.267,115.600092832,0.999154046861,f k1 k2
100850,10000103.6031,100000086.327,152.851033394,0.998957985022,f k2
100992,10000117.7869,100000081.247,168.077042454,0.998887532755,f k1 k2
107622,10000117.7869,100000081.247,166.562896751,0.998894326648,f
108489,10000092.9147,100000081.186,167.448392488,0.998890349888,f k1 k2
108908,10000084.5805,100000081.186,155.24371132,0.998946590566,f k1
109079,10000129.4024,100000081.205,180.8001415,0.99883214543,f k1 k2
109097,10000156.5271,100000060.823,202.148196472,0.998745393098,f k1 k2
112778,10000159.1073,100000085.657,190.041482274,0.998793696003,f k1 k2
115464,10000166.7349,100000059.975,202.098741319,0.998745585124,f k1 k2
119253,10000170.3859,100000090.33,202.098741319,0.998745584621,k1 k2
119801,10000157.5123,100000083.341,202.098741319,0.998745585677,k1 k2
123240,10000129.7745,100000087.829,202.098741319,0.998745587811,k1 k2
124452,10000129.7745,100000087.829,201.874652871,0.998746461943,f
128389,10000131.8567,100000101.451,201.482871585,0.998747991724,f k1 k2
129729,10000131.8567,100000101.451,190.81174338,0.998790556938,f
130202,10000131.8567,100000126.093,192.177442153,0.998785010858,f k2
135007,10000131.8567,100000125.057,204.21406932,0.998737371826,f k2
136003,10000154.4567,100000160.737,199.373020031,0.998756268173,f k1 k2
139550,10000138.5053,100000160.737,187.854338383,0.99880266825,f k1
144007,10000151.9341,100000160.737,159.39230504,0.998927121007,f k1
144878,10000151.9341,100000160.737,147.587095315,0.998983507014,f
146673,10000167.1047,100000172.74,149.849224999,0.998972458311,f k1 k2
148470,10000146.4676,100000172.74,156.159852994,0.998942255308,f k1
149174,10000142.6281,100000172.74,156.159852994,0.998942255589,k1
149807,10000169.7039,100000179.5,197.861456314,0.998762238733,f k1 k2
151499,10000194.452,100000185.22,215.265987474,0.99869546586,f k1 k2
151707,10000152.4473,100000182.428,189.413116269,0.998796265316,f k1 k2
156759,10000152.4473,100000200.591,190.692559383,0.998791040052,f k2
157744,10000163.4838,100000200.591,208.503075453,0.998720907473,f k1
163409,10000177.443,100000209.696,218.736088293,0.998682650831,f k1 k2
164650,10000199.2357,100000181.049,205.241419504,0.998733399375,f k1 k2
166936,10000172.3243,100000228.829,139.532659316,0.999023837516,f k1 k2
169860,10000172.3243,100000201.498,144.281165881,0.998999867787,f k2
171301,10000172.3243,100000202.838,144.281165881,0.998999867778,k2
171588,10000172.3243,100000202.838,146.134497783,0.998990662639,f
172596,10000170.9731,100000189.666,137.358894934,0.999035001142,f k1 k2
173469,10000163.5498,100000200.085,137.358894934,0.999035001596,k1 k2
175664,10000163.5498,100000191.27,129.581177634,0.999075974184,f k2
176237,10000164.9056,100000191.27,129.581177634,0.999075974091,k1
184496,10000168.2764,100000175.205,129.581177634,0.999075973959,k1 k2
188416,10000168.2764,100000153.732,129.581177634,0.999075974093,k2
188822,10000185.0625,100000153.732,112.949817772,0.999169540209,f k1
189230,10000177.0852,100000153.732,125.356938058,0.999098936251,f k1
189313,10000167.1125,100000153.732,93.5880769445,0.999290574797,f k1
192964,10000167.1125,100000142.42,93.5880769445,0.99929057486,k2
195429,10000167.1125,100000153.186,93.5880769445,0.9992905748,k2
199180,10000167.1125,100000130.896,99.3880277621,0.999252780701,f k2
201053,10000140.7691,100000130.896,137.377457341,0.999034907794,f k1
205562,10000117.4314,100000114.237,135.335099393,0.9990455093,f k1 k2
205890,10000117.4314,100000110.709,147.522724359,0.998983825934,f k2
206225,10000117.4314,100000130.258,183.509961149,0.998820723533,f k2
206674,10000117.4314,100000130.258,165.168738867,0.998900621729,f
207448,10000127.9694,100000157.676,178.185178043,0.998843288552,f k1 k2
209155,10000174.0335,100000139.183,194.478808089,0.998775728536,f k1 k2
210843,10000209.3609,100000139.183,212.355448043,0.998706337284,f k1
212262,10000200.2052,100000114.745,225.702044236,0.998657387223,f k1 k2
214114,10000221.7368,100000100.912,207.492724931,0.998724758007,f k1 k2
215080,10000248.4819,100000143.418,258.321133386,0.99854657061,f k1 k2
215318,10000241.4296,100000143.418,281.189590534,0.998475298373,f k1
216726,10000235.4313,100000158.899,276.77439116,0.998488690095,f k1 k2
216832,10000235.4313,100000158.899,321.95899331,0.998359031334,f
217984,10000176.3496,100000158.899,328.957636049,0.998340295073,f k1
218102,10000164.2272,100000160.349,324.060058253,0.998353376456,f k1 k2
219680,10000152.4578,100000160.349,324.060058253,0.998353377473,k1
220086,10000111.7208,100000150.911,314.997265022,0.998378017173,f k1 k2
220290,10000155.6084,100000143.948,314.333122238,0.998379841448,f k1 k2
224854,10000133.088,100000143.948,314.333122238,0.998379843383,k1
225646,10000136.6334,100000143.948,314.333122238,0.998379843078,k1
225870,10000134.9541,100000165.026,306.741095017,0.998400965508,f k1 k2
226811,10000111.8689,100000182.885,306.741095017,0.998400967341,k1 k2
230756,10000111.8689,100000182.885,295.735141924,0.998432352719,f
230964,10000132.6349,100000192.553,292.054137467,0.998443058343,f k1 k2
231748,10000117.2882,100000203.533,310.039494542,0.998391738401,f k1 k2
232248,10000094.7351,100000206.93,315.706789213,0.998376068748,f k1 k2
232635,10000083.8671,100000221.468,321.309626137,0.998360799631,f k1 k2
235808,10000073.5334,100000221.468,321.309626137,0.998360800522,k1
237480,10000073.9098,100000217.319,321.309626137,0.998360800523,k1 k2
241407,10000110.7785,100000240.483,318.848155981,0.998367478706,f k1 k2
241561,10000107.6938,100000221.229,352.860307906,0.998278663289,f k1 k2
246481,10000103.1816,100000212.458,377.118647552,0.998219536681,f k1 k2
248610,10000124.8476,100000190.999,372.080003143,0.998231551031,f k1 k2
248867,10000124.8476,100000199.926,372.080003143,0.998231550957,k2
250000,10000101.393,100000200.435,379.151719457,0.998214726276,f k1 k2
251219,10000096.0166,100000188.205,338.34579707,0.998315667436,f k1 k2
253628,10000083.4183,100000188.205,319.642438182,0.99836532086,f k1
254318,10000083.4183,100000184.311,314.637996498,0.998379007801,f k2
258750,10000083.4183,100000184.311,311.022589614,0.998389006351,f
260238,10000087.4858,100000184.311,307.298317678,0.998399404779,f k1
261930,10000054.9483,100000164.389,346.125502499,0.998295678939,f k1 k2
265910,10000069.201,100000172.859,339.987014407,0.998311421086,f k1 k2
266152,10000061.0833,100000187.762,355.59938514,0.998271825912,f k1 k2
267763,10000061.0833,100000187.762,374.44383119,0.99822590275,f
270916,10000061.0833,100000138.693,374.44383119,0.998225903156,k2
271581,10000061.0833,100000157.619,351.497561418,0.998282088147,f k2
271983,10000075.47,100000181.452,359.955464421,0.998261033119,f k1 k2
272723,10000078.4805,100000202.842,360.852795822,0.99825882309,f k1 k2
274205,10000059.9317,100000210.104,372.567337929,0.998230388547,f k1 k2
274969,10000059.9317,100000210.104,354.0517102,0.998275686285,f
278373,10000026.5974,100000200.155,337.97337605,0.998316639869,f k1 k2
279898,10000033.5477,100000200.155,337.97337605,0.998316639263,k1
281291,10000030.4755,100000190.968,325.427952306,0.998349718268,f k1 k2
281316,10000030.4755,100000177.075,332.42697005,0.998331137803,f k2
281819,10000030.4755,100000128.644,335.210337659,0.998323837996,f k2
284136,10000008.8865,100000082.977,353.646319228,0.998276705299,f k1 k2
288232,10000008.8865,100000077.382,353.646319228,0.998276705345,k2
289461,10000019.9424,100000077.382,343.398079789,0.998302649176,f k1
289661,10000019.9424,100000100.529,350.848796953,0.998283724346,f k2
289958,9999992.63674,100000100.529,355.199589499,0.998272828542,f k1
290892,9999974.8686,100000105.611,346.930805099,0.998293638134,f k1 k2
292042,9999974.8686,100000114.134,341.320456655,0.998307990142,f k2
292473,9999974.8686,100000123.122,337.202944351,0.998318647149,f k2
293835,9999990.3287,100000123.122,362.332529594,0.998255197734,f k1
298937,9999991.56637,100000123.122,362.332529594,0.998255197625,k1
299245,10000006.3225,100000144.126,362.332529594,0.998255196151,k1 k2
301282,10000017.9394,100000169.7,365.234100097,0.998248105064,f k1 k2
303513,10000017.9394,100000140.563,333.364460245,0.998328674768,f k2
304681,10000038.554,100000136.007,333.364460245,0.998328673015,k1 k2
304815,10000047.2727,100000136.007,294.518231528,0.998435886428,f k1
305573,10000050.2066,100000109.7,276.070076088,0.998490857945,f k1 k2
305699,10000035.7136,100000109.7,236.173589326,0.998620536462,f k1
305958,10000035.7136,100000121.788,236.173589326,0.998620536372,k2
308035,10000035.7136,100000152.763,215.50622807,0.998694586314,f k2
308788,10000025.0943,100000152.763,187.814947375,0.99880283929,f k1
312785,10000025.0943,100000152.763,153.939502646,0.998952790417,f
317020,10000042.2368,100000184.915,160.851280369,0.998920370472,f k1 k2
320184,10000020.1609,100000220.341,147.012063301,0.998986343438,f k1 k2
322344,10000020.1609,100000220.341,134.946880357,0.999047542767,f
323413,10000037.0013,100000228.441,136.605999378,0.999038905368,f k1 k2
325969,10000037.0013,100000228.441,85.928419789,0.99934275202,f
326494,10000033.2059,100000249.709,85.928419789,0.999342752131,k1 k2
329747,10000010.6508,100000249.709,113.708804686,0.999165088323,f k1
332510,9999999.33654,100000249.709,113.708804686,0.99916508907,k1
336319,9999999.33654,100000267.18,113.708804686,0.999165088966,k2
336338,9999986.79944,100000277.149,110.039077552,0.999186851646,f k1 k2
337517,9999986.79944,100000286.417,110.039077552,0.999186851591,k2
338230,9999968.75353,100000286.417,92.0956758599,0.999300543047,f k1
339996,9999967.82422,100000286.417,92.0956758599,0.999300543103,k1
344022,9999996.69262,100000265.624,92.0956758599,0.999300541455,k1 k2
344732,9999999.46688,100000265.624,92.0956758599,0.999300541285,k1
349503,9999977.59045,100000263.173,76.6405795282,0.999409822639,f k1 k2
351505,9999977.59045,100000252.345,49.2065894231,0.999637687421,f k2
351987,9999974.10849,100000271.477,36.2579171092,0.99976363783,f k1 k2
352889,9999974.10849,100000274.466,15.3685948302,0.999974246938,f k2
356344,9999981.13523,100000280.697,15.3685948302,0.999974246848,k1 k2
356890,9999981.13523,100000282.23,15.3685948302,0.999974246847,k2
357374,9999998.08222,100000282.23,15.3685948302,0.999974246645,k1
361394,9999998.08222,100000258.2,15.3685948302,0.99997424667,k2
361586,10000032.7796,100000244.089,19.3803816197,0.999938439195,f k1 k2
362541,10000044.0384,100000231.924,36.1045644052,0.999765198752,f k1 k2
364340,10000049.6852,100000249.508,49.6621539218,0.999633480089,f k1 k2
365688,10000049.6852,100000253.156,49.6621539218,0.999633480074,k2
367723,10000061.1193,100000243.261,72.8778450819,0.999438291137,f k1 k2
369130,10000067.9271,100000236.389,72.8778450819,0.999438290795,k1 k2
371108,10000040.278,100000237.486,88.5553226066,0.999324556816,f k1 k2
379378,10000040.278,100000237.941,67.4111791365,0.999481112744,f k2
379964,10000021.7726,100000225.421,86.9523479901,0.99933562207,f k1 k2
381669,10000010.224,100000221.166,72.5904552897,0.999440501528,f k1 k2
390567,10000021.9982,100000246.211,36.2873009067,0.999763336787,f k1 k2
398882,9999980.3893,100000243.028,36.2873009067,0.999763338316,k1 k2
402058,9999964.84984,100000268.934,24.5938814416,0.999885381472,f k1 k2
403385,9999990.80549,100000268.934,3.70438180387,0.999874257822,f k1
413648,9999986.34674,100000268.934,3.70438180387,0.999874257715,k1
415865,10000008.4208,100000273.414,38.2418960907,0.999743551182,f k1 k2
417658,9999997.89726,100000273.414,38.2418960907,0.999743551581,k1
417778,9999992.32202,100000286.347,38.2418960907,0.99974355175,k1 k2
418471,10000000.5861,100000302.06,38.2418960907,0.999743551383,k1 k2
422183,10000000.5861,100000324.24,36.560786675,0.999760553579,f k2
425395,10000017.9399,100000289.595,36.560786675,0.999760553055,k1 k2
428373,10000017.9399,100000286.336,6.44782136679,0.999974381437,f k2
428630,9999999.72796,100000286.336,6.44782136679,0.999974381231,k1
429306,10000026.2802,100000286.336,6.44782136679,0.999974381532,k1
430354,10000061.8677,100000283.93,10.2730579094,0.999999900612,f k1 k2
438293,10000025.8706,100000301.824,10.2730579094,0.999999900637,k1 k2
440166,10000025.5288,100000325.162,10.2730579094,0.999999900636,k1 k2
443759,10000025.5288,100000353.891,17.0100039681,0.999960496267,f k2
450181,10000025.5288,100000303.574,20.1623034493,0.99993077469,f k2
452436,10000025.5288,100000303.574,26.8457185178,0.999861710971,f
454800,10000085.3907,100000309.628,34.6743002389,0.999779848659,f k1 k2
456666,10000085.3907,100000306.559,10.3525920036,0.999999835493,f k2
458344,10000062.4983,100000335.073,9.66839969314,0.999999844959,f k1 k2
465522,10000045.9738,100000332.656,3.68566254926,0.999873027337,f k1 k2
472247,10000054.9483,100000303.481,17.8558990056,0.999952867343,f k1 k2
473032,10000103.525,100000293.85,41.103774429,0.999715057148,f k1 k2
476827,10000092.6903,100000293.85,50.9808118312,0.999621395762,f k1
479681,10000092.6903,100000259.688,27.629855357,0.999853443998,f k2
481322,10000092.6903,100000230.92,27.629855357,0.99985344407,k2
481450,10000123.4346,100000208.457,19.4156513814,0.999938095222,f k1 k2
482302,10000123.4346,100000211.258,11.8467048621,0.999996040322,f k2
483066,10000146.7142,100000227.16,11.8467048621,0.999996040208,k1 k2
487432,10000163.8495,100000207.412,2.7209980386,0.999789794581,f k1 k2
494460,10000163.8495,100000205.178,2.7209980386,0.999789794576,k2
498027,10000163.8495,100000163.85,2.7209980386,0.999789794468,k2
499803,10000196.0323,100000163.85,7.85271022593,0.999992127586,f k1
507762,10000184.5062,100000163.85,7.85271022593,0.999992127513,k1
509697,10000206.5358,100000165.787,7.85271022593,0.999992127654,k1 k2
512222,10000206.5358,100000178.855,7.85271022593,0.999992127661,k2
527098,10000197.0554,100000173.445,38.4984254364,0.999740966821,f k1 k2
528566,10000217.0403,100000166.883,38.4984254364,0.99974096608,k1 k2
529357,10000207.3403,100000162.21,38.4984254364,0.999740966466,k1 k2
529974,10000207.3403,100000153.46,38.4984254364,0.999740966496,k2
530138,10000207.3403,100000153.46,34.793534908,0.99977861864,f
530604,10000207.3403,100000184.453,57.0985584943,0.999566992612,f k2
531082,10000207.3403,100000215.884,57.0985584943,0.999566992475,k2
535640,10000207.3403,100000201.175,57.0985584943,0.999566992539,k2
537977,10000199.6901,100000196.469,43.4866260504,0.999691788286,f k1 k2
538954,10000221.6579,100000200.66,80.7409561744,0.999379655707,f k1 k2
540235,10000182.3322,100000190.961,80.7409561744,0.999379658033,k1 k2
547363,10000182.3322,100000208.039,115.338556724,0.999155560058,f k2
550055,10000194.7044,100000208.039,115.338556724,0.999155559237,k1
551058,10000211.4494,100000195.613,104.98627247,0.999217585712,f k1 k2
551113,10000228.5654,100000185.888,82.0595784962,0.999370144512,f k1 k2
551643,10000237.91,100000196.021,56.867058467,0.999569000998,f k1 k2
553205,10000222.967,100000186.819,70.9882666644,0.999452884016,f k1 k2
553245,10000222.967,100000186.819,61.2894728963,0.999531242276,f
554013,10000222.4447,100000186.819,61.2894728963,0.999531242302,k1
554500,10000222.4447,100000132.338,61.2894728963,0.999531242549,k2
554621,10000214.3988,100000132.338,76.918956416,0.999407734431,f k1
555035,10000220.935,100000132.338,89.7910647162,0.99931609852,f k1
556620,10000220.935,100000111.845,82.9066712571,0.999364081933,f k2
560960,10000251.9432,100000136.158,58.3286803923,0.99955637292,f k1 k2
568363,10000267.2255,100000136.158,58.3286803923,0.999556372164,k1
569612,10000252.7618,100000146.047,49.5272874442,0.999634714326,f k1 k2
574876,10000252.7618,100000146.047,16.8186649784,0.99996217334,f
575229,10000252.7618,100000146.047,4.97471699343,0.999936357018,f
576369,10000256.4174,100000154.148,4.97471699343,0.999936357094,k1 k2
577179,10000288.3453,100000177.029,25.0471286414,0.999880623882,f k1 k2
578949,10000272.2515,100000193.547,31.9718022864,0.999807844627,f k1 k2
582584,10000272.2515,100000161.426,22.1083314749,0.999911147803,f k2
586365,10000255.3263,100000163.056,15.6214847999,0.999972232455,f k1 k2
594921,10000255.3263,100000163.056,19.127393691,0.999940880731,f
603040,10000261.4907,100000163.056,19.127393691,0.999940880619,k1
607626,10000256.3832,100000163.056,14.6417499494,0.99997976327,f k1
617624,10000256.3832,100000163.056,3.0996602091,0.999827759514,f
620725,10000240.7449,100000131.008,3.0996602091,0.999827759007,k1 k2
623256,10000248.78,100000147.709,1.65226971369,0.9996168399,f k1 k2
626652,10000230.9222,100000129.664,20.2806734258,0.999929597915,f k1 k2
629973,10000210.6245,100000129.664,20.2806734258,0.999929598318,k1
633043,10000175.8382,100000129.664,25.9296246616,0.999871354557,f k1
635126,10000184.6048,100000119.291,36.5289380086,0.999760871422,f k1 k2
637859,10000152.812,100000072.696,57.2834709424,0.999565393012,f k1 k2
637944,10000149.4107,100000101.028,40.6969078236,0.999719070414,f k1 k2
639209,10000159.0424,100000101.028,95.6817883949,0.999276769495,f k1
641342,10000180.617,100000101.028,95.6817883949,0.999276768157,k1
650229,10000181.7718,100000085.196,95.6817883949,0.999276768174,k1 k2
650372,10000181.7718,100000123.802,95.6817883949,0.999276767958,k2
652196,10000181.7718,100000114.877,114.431212149,0.999160848224,f k2
657724,10000194.8827,100000126.577,118.390123378,0.999137975805,f k1 k2
666238,10000180.5558,100000118.674,92.3314779261,0.999298951324,f k1 k2
666254,10000168.1969,100000118.674,97.2756674806,0.999266383112,f k1
666625,10000144.2953,100000112.937,92.5006949318,0.999297821449,f k1 k2
666682,10000144.2953,100000119.869,92.5006949318,0.999297821411,k2
669726,10000139.0242,100000119.869,47.8280727807,0.99965049657,f k1
671687,10000123.5822,100000124.615,65.5528922105,0.999496076744,f k1 k2
672094,10000097.3601,100000148.131,43.3447730491,0.999693165873,f k1 k2
672443,10000128.5798,100000144.732,58.9552738461,0.999551010731,f k1 k2
674087,10000121.0322,100000140.794,48.0899741641,0.99964805148,f k1 k2
674866,10000121.0322,100000140.794,59.5628195142,0.999545831668,f
679543,10000121.0322,100000126.985,59.5628195142,0.999545831729,k2
680257,10000082.3845,100000144.813,50.6739096857,0.999624197339,f k1 k2
681005,10000077.0592,100000157.465,32.6892535008,0.99980038072,f k1 k2
683709,10000077.0592,100000139.267,32.1064397325,0.999806447473,f k2
685141,10000057.0664,100000139.267,32.1064397325,0.999806448133,k1
688173,10000060.8913,100000103.597,55.9081534078,0.999577375384,f k1 k2
689492,10000096.0802,100000077.095,55.9081534078,0.999577373796,k1 k2
693040,10000089.7866,100000073.744,46.7109235614,0.999660989383,f k1 k2
694068,10000089.7866,100000090.537,66.1347994523,0.999491368471,f k2
694152,10000089.7866,100000090.537,66.8097987492,0.999485931239,f
695647,10000089.7866,100000089.441,77.1367732308,0.999406120678,f k2
696242,10000062.5054,100000089.441,38.0243591839,0.999745739047,f k1
700596,10000075.9033,100000099.523,39.8616630111,0.999727352133,f k1 k2
700983,10000100.2339,100000099.523,44.6380376441,0.999680702783,f k1
701724,10000096.954,100000099.523,44.6380376441,0.999680702922,k1
704627,10000100.3229,100000099.523,44.6380376441,0.999680702779,k1
704898,10000097.4536,100000119.786,44.6380376441,0.999680702825,k1 k2
705102,10000122.8638,100000135.408,44.6380376441,0.999680701692,k1 k2
706943,10000134.386,100000135.408,44.6380376441,0.999680701205,k1
709897,10000098.3519,100000135.408,44.6380376441,0.999680702728,k1
710031,10000135.6589,100000126.602,44.6380376441,0.999680701184,k1 k2
714023,10000135.6589,100000126.602,51.8087563302,0.999613874028,f
717239,10000135.6589,100000124.805,51.8087563302,0.999613874036,k2
720746,10000135.6589,100000124.805,55.6297774633,0.999579812328,f
721663,10000155.0442,100000100.529,55.6297774633,0.999579811497,k1 k2
721850,10000184.8915,100000137.265,92.4753480799,0.999297988331,f k1 k2
722088,10000160.1701,100000152.954,69.8117867472,0.999462084137,f k1 k2
727783,10000160.1701,100000142.564,69.8117867472,0.999462084187,k2
730455,10000160.9911,100000158.349,85.5889854675,0.99934512001,f k1 k2
731409,10000199.5156,100000182.066,75.0626179773,0.999421655273,f k1 k2
741167,10000199.5156,100000182.066,47.902021817,0.999649802547,f
745253,10000238.6507,100000189.478,41.816308207,0.999708051024,f k1 k2
747186,10000231.0474,100000189.478,41.816308207,0.999708051331,k1
749861,10000221.931,100000181.871,38.9441317165,0.999736498442,f k1 k2
750307,10000221.931,100000188.669,38.9441317165,0.999736498419,k2
751920,10000221.931,100000198.3,39.9695937213,0.999726273437,f k2
751955,10000207.3602,100000198.3,39.9695937213,0.999726274008,k1
752232,10000207.3602,100000212.302,3.54650742382,0.999863497189,f k2
759097,10000220.9105,100000237.845,3.54650742382,0.99986349758,k1 k2
761794,10000227.463,100000237.845,3.54650742382,0.999863497743,k1
764062,10000230.9965,100000234.091,13.3237529965,0.999988583493,f k1 k2
766143,10000230.9965,100000213.071,29.6620013592,0.999832039595,f k2
770075,10000211.8199,100000248.381,10.4208240509,0.999999767015,f k1 k2
779796,10000200.5368,100000248.381,10.4208240509,0.999999767028,k1
781493,10000213.971,100000205.843,11.8562607111,0.999996001981,f k1 k2
782276,10000204.9605,100000205.843,11.8562607111,0.999996002023,k1
782331,10000204.9605,100000230.759,11.8562607111,0.999996002013,k2
782569,10000184.8515,100000230.759,16.0077584758,0.999969079942,f k1
784203,10000191.729,100000225.113,22.2915174507,0.999909271496,f k1 k2
785375,10000177.8047,100000239.257,24.310998308,0.999888334764,f k1 k2
788865,10000223.6965,100000221.393,10.3911819539,0.999999798107,f k1 k2
792345,10000217.7222,100000221.393,7.48997707194,0.999988779147,f k1
794293,10000246.339,100000221.393,7.48997707194,0.999988779364,k1
800612,10000224.3619,100000227.846,7.48997707194,0.999988779202,k1 k2
802662,10000233.4562,100000239.566,42.5451935014,0.999700928151,f k1 k2
803746,10000270.1582,100000241.094,41.9335014567,0.999706901652,f k1 k2
804161,10000270.1582,100000257.316,83.4254210152,0.999360382836,f k2
805606,10000257.6955,100000217.111,83.4254210152,0.99936038378,k1 k2
807092,10000250.3155,100000196.298,78.5686146853,0.999395518344,f k1 k2
808226,10000250.3155,100000196.298,75.2201734896,0.999420463518,f
808245,10000237.0889,100000201.634,51.4702185734,0.999616937978,f k1 k2
814016,10000220.9864,100000199.982,33.4117512133,0.999792878276,f k1 k2
814756,10000220.9864,100000199.982,59.4991998962,0.999546367597,f
818372,10000220.9864,100000192.946,86.1025768262,0.999341524871,f k2
819969,10000201.8833,100000192.946,64.3098198329,0.999506205977,f k1
820390,10000201.8833,100000192.946,44.9627641097,0.999677588473,f
821810,10000201.8833,100000192.946,86.8764402386,0.999336138426,f
822086,10000201.8833,100000230.656,67.5312531767,0.999480144363,f k2
825864,10000214.6243,100000230.656,67.5312531767,0.999480143683,k1
826451,10000210.3445,100000227.208,78.0652874204,0.999399231572,f k1 k2
827148,10000228.0146,100000218.569,71.8544876927,0.999446164269,f k1 k2
827537,10000184.3833,100000218.569,60.9044221222,0.999534479088,f k1
828467,10000184.3833,100000228.104,17.3761168921,0.999957230772,f k2
830434,10000204.9551,100000228.104,17.3761168921,0.999957230455,k1
832759,10000196.9679,100000227.906,17.3761168921,0.999957230578,k1 k2
835296,10000196.9679,100000220.793,17.3761168921,0.999957230588,k2
839300,10000196.9679,100000220.793,13.7761584335,0.999985751726,f
839774,10000171.4463,100000220.793,13.7761584335,0.999985751952,k1
841434,10000184.4935,100000262.043,28.8274390249,0.999840821985,f k1 k2
842034,10000199.1629,100000253.177,16.2943865273,0.999966680753,f k1 k2
847287,10000222.1815,100000268.92,15.7454147804,0.999971231444,f k1 k2
850035,10000222.1815,100000268.92,32.1752257644,0.999805725446,f
851329,10000222.1815,100000268.92,6.23045799847,0.999970293883,f
860272,10000221.2472,100000286.055,6.23045799847,0.99997029389,k1 k2
863696,10000221.2472,100000313.344,20.9120765097,0.99992329106,f k2
865953,10000221.2472,100000313.344,19.8744899289,0.999933609653,f
867815,10000239.6061,100000293.322,19.8744899289,0.999933609333,k1 k2
871944,10000208.7882,100000313.648,12.5409997921,0.99999291208,f k1 k2
876331,10000212.1908,100000315.863,12.5409997921,0.999992912058,k1 k2
881517,10000212.1908,100000315.863,39.0473782458,0.999735465495,f
882946,10000219.3433,100000305.728,18.545921946,0.999946429332,f k1 k2
883209,10000216.7593,100000307.185,44.94346989,0.999677771957,f k1 k2
885396,10000173.5685,100000303.38,63.0613851035,0.999516483839,f k1 k2
888025,10000174.2368,100000294.213,68.4217946245,0.999473054583,f k1 k2
889075,10000174.2368,100000294.213,64.9769544167,0.999500756197,f
890934,10000174.2368,100000294.213,48.7554271144,0.99964185718,f
894065,10000149.1209,100000294.213,11.7621541225,0.999996369065,f k1
894996,10000149.1209,100000286.391,11.7621541225,0.999996369068,k2
896805,10000149.1209,100000303.509,28.8947678865,0.999840113994,f k2
899267,10000160.8817,100000286.648,6.32878812503,0.999972196947,f k1 k2
905435,10000174.8284,100000297.227,47.6044977998,0.999652586259,f k1 k2
905799,10000174.8284,100000308.798,47.6044977998,0.999652586214,k2
908040,10000174.8284,100000287.209,47.6044977998,0.999652586298,k2
909197,10000155.7813,100000304.958,1.55625533798,0.999593438667,f k1 k2
913577,10000156.0908,100000304.958,1.55625533798,0.999593438679,k1
918811,10000152.714,100000304.958,1.55625533798,0.999593438548,k1
919096,10000152.714,100000331.608,2.42785603537,0.999753991077,f k2
922687,10000174.6959,100000331.608,13.1986347321,0.999989326678,f k1
927763,10000178.4255,100000331.608,13.1986347321,0.99998932665,k1
928449,10000164.0265,100000332.126,24.9213685545,0.999881945596,f k1 k2
930516,10000164.0265,100000332.126,21.5612657793,0.9999167307,f
930686,10000157.8687,100000381.707,20.4023741387,0.999928389702,f k1 k2
930927,10000172.3792,100000363.25,26.9327392235,0.999860789652,f k1 k2
931235,10000181.1859,100000339.622,33.70216994,0.999789873199,f k1 k2
933718,10000160.3058,100000336.632,5.71615801655,0.999958741324,f k1 k2
936626,10000173.7874,100000357.122,5.71615801655,0.999958741541,k1 k2
955446,10000153.6042,100000357.227,6.37087910301,0.999972984519,f k1 k2
956559,10000147.8505,100000369.8,6.37087910301,0.999972984465,k1 k2
956786,10000129.5038,100000369.8,3.69930738148,0.999873928544,f k1
957236,10000129.5038,100000385.037,3.69930738148,0.999873928576,k2
958579,10000129.5038,100000407.59,3.69930738148,0.999873928623,k2
958886,10000129.5038,100000371.76,3.69930738148,0.999873928548,k2
963053,10000147.1132,100000309.296,3.69930738148,0.99987392884,k1 k2
965453,10000145.6287,100000320.247,3.69930738148,0.999873928827,k1 k2
977576,10000167.9743,100000320.247,10.0331970704,0.999999998481,f k1
979162,10000167.9743,100000320.247,19.095741393,0.999941186745,f
985928,10000167.9743,100000304.717,17.4742913169,0.999956345572,f k2
986460,10000199.0121,100000288.776,6.85699344197,0.999980984545,f k1 k2
987891,10000201.1558,100000291.347,6.85699344197,0.999980984569,k1 k2
988356,10000201.1558,100000298.193,7.83904590438,0.999992014702,f k2
988898,10000207.0683,100000298.193,9.49969797215,0.999999641335,f k1
989503,10000209.923,100000303.652,5.53386693486,0.999953929939,f k1 k2
992430,10000206.5832,100000303.652,15.6495743904,0.999972006839,f k1
994919,10000220.5509,100000303.652,15.6495743904,0.999972006665,k1
995551,10000199.5112,100000308.193,15.6495743904,0.999972006922,k1 k2
996841,10000199.5112,100000289.671,3.45827851963,0.999857090709,f k2
