gen,k1,k2,f,w,paramsMuted
954,10000000.0,100000000.0,0,0.999934999794,f
1297,9999985.31661,100000020.274,20.8344485185,0.999999240732,f k1 k2
3781,10000029.5788,100000034.062,20.8344485185,0.999999240723,k1 k2
5121,10000074.436,100000064.61,19.7964210666,0.999999343774,f k1 k2
6235,10000059.7706,100000064.61,63.7331623456,0.9999951083,f k1
7326,10000055.0448,100000032.396,63.7331623456,0.999995108304,k1 k2
7973,10000052.7353,100000037.217,110.321347334,0.999991848294,f k1 k2
8346,10000040.0408,100000064.042,142.711873428,0.9999900725,f k1 k2
10551,10000040.6502,100000053.947,171.163854627,0.999988731973,f k1 k2
19463,10000040.6502,100000043.346,171.163854627,0.999988731973,k2
19493,10000055.837,100000043.346,171.163854627,0.999988731962,k1
19543,10000046.6457,100000047.124,198.563876226,0.999987587075,f k1 k2
21593,10000046.6457,100000064.311,198.563876226,0.999987587073,k2
22847,10000046.6457,100000064.311,213.296158866,0.999987019907,f
24471,10000057.5226,100000079.818,203.564300402,0.99998739108,f k1 k2
27093,10000057.5226,100000079.818,204.506671809,0.999987354554,f
27468,10000072.1978,100000086.758,204.506671809,0.999987354542,k1 k2
31350,10000072.1978,100000057.957,217.324649459,0.999986870012,f k2
31661,10000072.1978,100000057.957,224.305482408,0.999986615275,f
33559,10000112.0133,100000079.678,244.955565744,0.99998589599,f k1 k2
33806,10000154.9269,100000088.701,244.955565744,0.999985895954,k1 k2
37801,10000184.9415,100000082.699,231.549393263,0.99998635723,f k1 k2
40525,10000199.389,100000123.368,219.007265504,0.999986807937,f k1 k2
42566,10000192.8866,100000110.665,169.602517832,0.999988801066,f k1 k2
42731,10000216.5251,100000103.335,187.301483794,0.999988042352,f k1 k2
43845,10000206.5826,100000103.335,191.322068984,0.999987877482,f k1
53967,10000206.5826,100000112.759,191.322068984,0.999987877481,k2
57648,10000206.5826,100000112.759,151.340360172,0.999989647078,f
57831,10000206.5826,100000085.094,151.340360172,0.99998964708,k2
58516,10000203.409,100000082.243,149.537106148,0.999989734521,f k1 k2
58570,10000224.4987,100000082.243,149.091057667,0.999989756249,f k1
58796,10000209.4341,100000096.515,173.033578907,0.999988649567,f k1 k2
59479,10000202.6257,100000114.546,195.695846711,0.999987701043,f k1 k2
62643,10000206.8284,100000114.546,195.695846711,0.99998770104,k1
62909,10000193.8184,100000114.546,175.556746696,0.999988539573,f k1
64719,10000209.2143,100000104.272,156.55878603,0.999989398151,f k1 k2
64844,10000209.2143,100000104.272,188.065812744,0.999988010812,f
67095,10000209.2143,100000093.403,188.065812744,0.999988010812,k2
70350,10000209.2143,100000093.403,164.534694369,0.999989028954,f
71065,10000215.9143,100000093.403,177.876685277,0.999988439436,f k1
72326,10000235.3721,100000094.096,182.153922214,0.999988257327,f k1 k2
76972,10000257.833,100000101.096,180.071295048,0.999988345574,f k1 k2
77015,10000250.6105,100000091.687,180.071295048,0.99998834558,k1 k2
79734,10000253.7773,100000086.086,173.406097973,0.999988633219,f k1 k2
80519,10000255.4424,100000051.825,206.425898914,0.999987280406,f k1 k2
84856,10000264.2736,100000080.304,199.536808126,0.99998754848,f k1 k2
86438,10000200.001,100000069.466,199.536808126,0.999987548531,k1 k2
87141,10000200.001,100000104.478,199.536808126,0.999987548529,k2
89126,10000156.1753,100000132.318,222.757424349,0.999986671161,f k1 k2
89301,10000129.312,100000143.265,218.390198968,0.999986830675,f k1 k2
90410,10000129.312,100000143.265,223.182012883,0.999986655804,f
90615,10000118.7809,100000133.112,235.807649747,0.999986208551,f k1 k2
92095,10000132.2237,100000133.112,209.481354776,0.999987163767,f k1
92239,10000127.8266,100000112.802,179.617742514,0.999988364994,f k1 k2
98327,10000133.8373,100000100.01,179.617742514,0.99998836499,k1 k2
99414,10000133.8373,100000100.01,188.790808007,0.999987981036,f
100289,10000157.795,100000100.01,188.790808007,0.999987981017,k1
100645,10000161.4322,100000120.523,161.711335225,0.999989158172,f k1 k2
101510,10000165.4312,100000136.337,154.493591431,0.999989495974,f k1 k2
102573,10000178.0975,100000136.337,174.082719228,0.999988603705,f k1
103971,10000175.8748,100000122.706,177.373963325,0.999988461079,f k1 k2
105081,10000175.8748,100000117.387,178.280301816,0.999988422144,f k2
110251,10000169.3543,100000117.387,182.502182992,0.99998824269,f k1
111398,10000153.5947,100000145.185,175.193730361,0.999988555356,f k1 k2
112066,10000139.7252,100000165.534,175.193730361,0.999988555365,k1 k2
113345,10000139.7252,100000193.606,175.193730361,0.999988555364,k2
114206,10000129.0817,100000210.669,133.797326919,0.999990531184,f k1 k2
118342,10000149.4609,100000210.669,133.797326919,0.99999053117,k1
121617,10000173.9962,100000210.669,133.797326919,0.999990531153,k1
122190,10000154.295,100000210.669,133.797326919,0.999990531167,k1
122947,10000116.1509,100000214.528,126.688662691,0.999990912362,f k1 k2
127644,10000098.4624,100000193.289,126.688662691,0.999990912375,k1 k2
127672,10000098.4624,100000152.483,104.997496238,0.999992172206,f k2
127823,10000098.4624,100000129.344,104.997496238,0.999992172208,k2
129226,10000106.2494,100000125.106,105.886705873,0.999992117373,f k1 k2
130253,10000085.9248,100000133.301,69.2114724405,0.999994666718,f k1 k2
131344,10000086.5607,100000152.212,75.1189833387,0.999994210704,f k1 k2
132649,10000105.4658,100000175.868,55.6477198743,0.999995795686,f k1 k2
132659,10000080.1176,100000151.46,82.7699910326,0.999993648662,f k1 k2
132741,10000119.7922,100000116.426,85.9434527986,0.999993424287,f k1 k2
133508,10000109.7751,100000111.751,51.9763887195,0.999996122844,f k1 k2
137133,10000117.478,100000078.288,51.9763887195,0.999996122841,k1 k2
139053,10000083.8251,100000051.011,51.9763887195,0.999996122858,k1 k2
142429,10000081.3615,100000051.011,51.9763887195,0.999996122859,k1
143317,10000081.3615,100000030.489,14.9848556779,0.999999772103,f k2
145066,10000078.3519,100000030.489,14.9848556779,0.999999772103,k1
148581,10000102.3116,100000045.871,14.9848556779,0.9999997721,k1 k2
149540,10000066.8967,100000001.608,14.9848556779,0.999999772105,k1 k2
149811,10000066.8967,100000021.483,9.31628635884,0.999999993174,f k2
156349,10000066.8967,99999997.4888,6.30084924275,0.999999716634,f k2
159278,10000069.1446,100000026.468,26.0355702224,0.999998702345,f k1 k2
161168,10000071.2798,100000006.295,26.0355702224,0.999998702345,k1 k2
161311,10000053.2321,100000043.687,30.7661595827,0.999998204405,f k1 k2
162111,10000038.3091,100000043.687,3.2159878694,0.999998378788,f k1
165749,10000038.3091,100000043.687,20.4684141315,0.999999277326,f
168383,10000072.6924,100000043.687,23.1464496826,0.999999004528,f k1
170263,10000053.0211,100000060.675,36.3444563127,0.999997627262,f k1 k2
172426,10000060.3069,100000060.675,36.3444563127,0.999997627259,k1
174516,10000074.8064,100000101.858,41.1033794697,0.999997150227,f k1 k2
175690,10000096.5509,100000091.721,35.8200927132,0.999997680747,f k1 k2
179894,10000096.5509,100000091.721,18.4234552466,0.99999947585,f
181504,10000103.6456,100000125.006,81.5752688591,0.999993734407,f k1 k2
182104,10000094.3064,100000101.427,54.7237468246,0.999995877119,f k1 k2
182482,10000094.3064,100000106.284,54.7237468246,0.999995877119,k2
190201,10000062.4561,100000106.284,54.7237468246,0.999995877135,k1
190706,10000012.3868,100000106.284,67.0312547557,0.999994840258,f k1
193346,9999995.24062,100000089.442,67.0312547557,0.999994840268,k1 k2
195057,9999979.97372,100000070.419,83.6529865995,0.999993585804,f k1 k2
198308,9999979.97372,100000051.435,83.6529865995,0.999993585805,k2
203853,9999996.13227,100000038.875,93.8836551156,0.999992883749,f k1 k2
206046,10000013.2694,100000066.913,93.8836551156,0.999992883736,k1 k2
206603,9999998.61474,100000066.913,93.8836551156,0.999992883746,k1
209545,9999998.61474,100000061.35,93.8836551156,0.999992883746,k2
213754,9999991.47135,100000035.937,93.8836551156,0.999992883752,k1 k2
215055,10000019.7409,100000046.17,108.061358816,0.999991984573,f k1 k2
221209,10000049.3336,100000046.17,124.549377624,0.999991029969,f k1
222128,10000049.3336,100000045.047,130.126210915,0.99999072632,f k2
226014,10000049.3336,100000075.369,130.126210915,0.999990726318,k2
226604,10000049.3336,100000044.187,130.126210915,0.99999072632,k2
226889,10000034.4457,100000020.073,159.143891542,0.999989277168,f k1 k2
232387,10000034.4457,100000009.254,159.143891542,0.999989277169,k2
233874,10000034.4457,100000009.254,170.93021478,0.999988742308,f
236917,10000053.9183,100000034.011,192.700217564,0.999987821686,f k1 k2
237237,10000025.6383,100000034.011,192.700217564,0.999987821708,k1
238838,10000002.1465,100000032.808,230.031675118,0.999986410904,f k1 k2
241260,10000002.1465,100000027.297,230.031675118,0.999986410904,k2
242394,9999947.70904,100000011.572,233.854259284,0.999986276664,f k1 k2
243063,9999947.70904,100000047.239,232.035433203,0.999986340342,f k2
244210,9999960.28156,100000047.239,222.542299845,0.999986679123,f k1
244540,9999984.01179,100000034.041,188.04067163,0.999988012026,f k1 k2
245365,10000005.6235,100000034.041,193.780839486,0.999987778086,f k1
248280,9999977.23303,100000021.716,193.780839486,0.999987778109,k1 k2
253477,9999977.23303,100000021.716,169.826371235,0.999988791282,f
255236,9999970.0678,100000021.716,169.826371235,0.999988791287,k1
258724,9999975.96455,100000021.716,169.826371235,0.999988791283,k1
260754,9999957.76804,100000021.716,176.214217992,0.999988511285,f k1
263943,9999948.64503,100000031.925,190.239433394,0.999987921826,f k1 k2
265797,9999922.72378,100000020.669,214.811803529,0.999986963368,f k1 k2
267364,9999922.72378,100000010.848,195.684582426,0.999987701718,f k2
268140,9999891.00983,100000020.439,195.684582426,0.999987701742,k1 k2
271836,9999891.00983,100000018.892,226.141796753,0.999986549431,f k2
272910,9999906.91902,100000018.892,226.141796753,0.999986549418,k1
273467,9999924.53919,100000000.779,250.18518148,0.999985721543,f k1 k2
278171,9999924.53919,99999998.2229,244.724305167,0.999985903938,f k2
282252,9999924.53919,99999998.2229,250.445059736,0.999985712941,f
286597,9999914.2292,99999968.812,218.268835101,0.999986835326,f k1 k2
289198,9999898.41391,99999972.1938,218.268835101,0.999986835338,k1 k2
291620,9999914.53228,99999954.7277,218.268835101,0.999986835327,k1 k2
295506,9999914.53228,99999949.727,218.268835101,0.999986835327,k2
296772,9999908.72549,99999912.867,251.877324785,0.999985665679,f k1 k2
297241,9999908.72549,99999938.3824,251.877324785,0.999985665677,k2
298658,9999908.72549,99999938.3824,289.485353377,0.999984494265,f
299381,9999908.72549,99999961.848,304.320538359,0.999984065538,f k2
301423,9999908.72549,99999980.0775,293.525538471,0.999984375782,f k2
304343,9999921.19528,99999961.9778,262.327739647,0.99998532694,f k1 k2
306251,9999931.41807,99999961.9778,262.327739647,0.999985326932,k1
307167,9999922.3628,99999961.9778,245.682199353,0.999985871719,f k1
314297,9999902.84965,99999961.9778,245.682199353,0.999985871735,k1
314680,9999886.7827,99999961.9778,237.483808941,0.999986150781,f k1
315120,9999886.7827,99999961.9778,245.026421507,0.999985893798,f
317674,9999886.7827,99999971.5856,245.026421507,0.999985893797,k2
318269,9999886.7827,99999984.6945,265.034443246,0.999985240978,f k2
319080,9999894.93267,99999973.8598,253.418378907,0.999985615048,f k1 k2
321999,9999894.93267,100000022.822,253.418378907,0.999985615044,k2
322771,9999905.0433,100000034.456,253.418378907,0.999985615035,k1 k2
324177,9999910.96228,100000028.272,253.418378907,0.999985615031,k1 k2
327217,9999892.1148,100000035.447,242.275920061,0.999985986775,f k1 k2
330183,9999889.06686,100000035.447,245.632141143,0.999985873422,f k1
330681,9999889.06686,100000043.203,245.632141143,0.999985873422,k2
334210,9999898.28524,100000043.203,245.632141143,0.999985873414,k1
336612,9999917.79296,100000064.877,245.913231764,0.999985863958,f k1 k2
338603,9999917.79296,100000077.547,245.913231764,0.999985863957,k2
339008,9999938.70129,100000051.834,247.955969589,0.999985795603,f k1 k2
341672,9999938.70129,100000044.243,252.214688008,0.999985654538,f k2
344933,9999938.70129,100000044.243,295.639431935,0.999984314283,f
345897,9999933.48292,100000029.558,293.117402583,0.999984387666,f k1 k2
346392,9999921.32592,100000025.452,319.821333278,0.999983635252,f k1 k2
350567,9999934.22193,100000041.571,323.053790979,0.999983547656,f k1 k2
350638,9999948.32181,100000041.571,323.053790979,0.999983547644,k1
352461,9999948.32181,99999998.9405,298.636179377,0.999984227741,f k2
352486,9999946.45673,99999955.6879,270.312562041,0.999985075233,f k1 k2
352638,9999950.98969,99999955.6879,270.312562041,0.999985075229,k1
359681,9999937.93057,99999955.6879,270.312562041,0.99998507524,k1
362786,9999937.7547,99999955.6879,285.102422295,0.999984624281,f k1
364534,9999930.8519,99999931.7868,273.693608428,0.999984970452,f k1 k2
364925,9999938.77993,99999887.8629,299.669401105,0.999984198084,f k1 k2
368354,9999955.10357,99999899.2818,299.669401105,0.999984198069,k1 k2
369024,9999962.68498,99999943.2074,314.435152293,0.999983782774,f k1 k2
369958,9999972.2303,99999943.2074,352.612536222,0.999982778312,f k1
372455,9999952.30387,99999953.2548,375.727870236,0.999982212903,f k1 k2
374602,9999952.30387,99999941.9464,375.727870236,0.999982212904,k2
374731,9999953.64973,99999943.3438,392.165069221,0.99998182815,f k1 k2
376176,9999943.14018,99999943.3438,413.209473535,0.999981354756,f k1
376185,9999944.25886,99999943.3438,413.209473535,0.999981354755,k1
381317,9999959.95638,99999941.4052,413.209473535,0.999981354741,k1 k2
381551,9999952.53199,99999943.2908,428.877210582,0.999981015264,f k1 k2
381821,9999933.02748,99999943.2908,409.623725021,0.999981433978,f k1
383676,9999938.38354,99999953.5774,437.78513394,0.999980826897,f k1 k2
383976,9999955.66815,99999956.4542,400.725828447,0.999981633062,f k1 k2
384021,9999955.66815,99999956.4542,387.964917031,0.999981925165,f
384359,9999933.00748,100000008.283,372.40003058,0.999982292511,f k1 k2
384369,9999917.39049,99999988.8484,367.046179502,0.999982421827,f k1 k2
388123,9999920.48457,99999988.8484,381.021894721,0.999982087505,f k1
391126,9999938.33478,100000018.65,381.021894721,0.999982087487,k1 k2
393398,9999968.24142,100000009.368,375.78766745,0.99998221146,f k1 k2
394938,9999979.43781,100000009.368,401.134550933,0.99998162381,f k1
396784,9999939.03457,99999984.6007,401.134550933,0.999981623848,k1 k2
398438,9999942.47045,99999984.6007,401.134550933,0.999981623845,k1
398895,9999912.78263,99999984.6007,389.068553299,0.999981899624,f k1
398965,9999912.78263,99999997.7474,389.068553299,0.999981899623,k2
400304,9999901.17939,99999997.7474,389.068553299,0.999981899633,k1
404186,9999916.30043,99999981.5496,389.068553299,0.999981899621,k1 k2
409612,9999926.16641,99999992.3349,400.951836238,0.999981627983,f k1 k2
409786,9999912.58358,100000012.966,400.951836238,0.999981627993,k1 k2
417081,9999912.58358,100000009.848,385.317126971,0.999981986811,f k2
417174,9999896.68461,100000009.848,384.732496863,0.999982000476,f k1
418118,9999867.11436,100000023.657,352.671104288,0.999982776927,f k1 k2
418490,9999867.11436,100000029.601,369.152515781,0.999982370813,f k2
421856,9999890.1973,100000032.321,373.29333889,0.999982271123,f k1 k2
423563,9999882.8137,100000032.321,373.29333889,0.99998227113,k1
425999,9999856.00802,100000043.479,373.29333889,0.999982271153,k1 k2
427010,9999880.94345,100000044.476,329.638022026,0.999983371491,f k1 k2
427059,9999861.93678,100000044.476,330.760190236,0.999983341763,f k1
428058,9999852.47603,100000060.395,327.634593851,0.999983424825,f k1 k2
428267,9999849.19985,100000060.395,316.086582995,0.999983737406,f k1
431090,9999849.19985,100000082.386,316.086582995,0.999983737404,k2
432373,9999814.92734,100000082.386,318.798885554,0.999983663192,f k1
432885,9999815.42117,100000082.386,318.798885554,0.999983663192,k1
433050,9999815.42117,100000057.395,318.798885554,0.999983663194,k2
436178,9999804.60057,100000057.395,316.021023271,0.999983739245,f k1
443123,9999804.60057,100000053.533,317.866229364,0.999983688674,f k2
443159,9999804.60057,100000053.533,299.467577522,0.999984203975,f
443285,9999813.11931,100000053.533,312.672764611,0.99998383162,f k1
443734,9999813.11931,100000053.17,312.672764611,0.99998383162,k2
443819,9999813.11931,100000025.408,312.672764611,0.999983831622,k2
444896,9999807.03754,100000062.872,325.331542545,0.999983486477,f k1 k2
445954,9999807.03754,100000025.602,336.73356384,0.999983184853,f k2
446179,9999790.07344,100000040.135,313.999363812,0.999983794943,f k1 k2
446651,9999790.07344,100000058.873,326.01303374,0.999983468223,f k2
452427,9999775.53111,100000058.873,326.01303374,0.999983468236,k1
457019,9999762.52385,100000061.501,335.958966518,0.999983205114,f k1 k2
457362,9999762.52385,100000088.001,351.903543631,0.999982796306,f k2
459271,9999740.80025,100000071.138,372.858549494,0.999982281675,f k1 k2
461872,9999740.80025,100000063.583,417.155169266,0.999981268428,f k2
463209,9999740.80025,100000064.307,417.155169266,0.999981268428,k2
463864,9999740.80025,100000064.307,437.420903077,0.999980834706,f
464730,9999740.80025,100000064.307,414.197070994,0.999981333212,f
468211,9999741.59844,100000088.925,420.874155003,0.999981187522,f k1 k2
469047,9999769.87687,100000088.925,437.239694303,0.99998083848,f k1
469936,9999769.87687,100000093.927,437.239694303,0.999980838479,k2
470908,9999768.77038,100000093.927,437.239694303,0.99998083848,k1
471304,9999749.14596,100000118.879,435.950623888,0.999980865584,f k1 k2
472331,9999751.69001,100000123.931,453.226952718,0.999980508042,f k1 k2
474150,9999751.69001,100000121.978,472.352808086,0.999980125465,f k2
478545,9999723.86853,100000121.978,472.352808086,0.99998012549,k1
478764,9999723.86853,100000129.637,476.133749813,0.999980051423,f k2
479222,9999692.28853,100000129.637,487.964551941,0.99997982289,f k1
479339,9999667.18588,100000123.663,511.777049889,0.999979376886,f k1 k2
480287,9999658.43537,100000114.098,511.777049889,0.999979376895,k1 k2
480356,9999642.1022,100000093.947,511.777049889,0.999979376912,k1 k2
486335,9999643.33612,100000093.947,474.300302024,0.999980087354,f k1
488824,9999652.979,100000101.226,484.315174937,0.999979892923,f k1 k2
489819,9999671.15213,100000068.053,503.811603668,0.99997952407,f k1 k2
492184,9999708.53844,100000073.643,478.554613304,0.999980004282,f k1 k2
493449,9999700.20744,100000080.956,478.554613304,0.999980004289,k1 k2
493980,9999700.20744,100000063.776,478.554613304,0.99998000429,k2
494513,9999714.62954,100000040.931,478.554613304,0.999980004279,k1 k2
497065,9999708.90055,100000040.931,478.554613304,0.999980004284,k1
497545,9999708.90055,100000040.931,491.031369845,0.999979764407,f
505231,9999708.90055,100000035.775,491.031369845,0.999979764407,k2
508819,9999682.37824,100000040.526,482.974823255,0.999979918722,f k1 k2
514475,9999682.37824,100000071.574,482.974823255,0.999979918719,k2
517348,9999682.37824,100000077.982,482.974823255,0.999979918719,k2
518702,9999671.47827,100000077.982,482.974823255,0.999979918729,k1
522136,9999657.57376,100000057.252,482.974823255,0.999979918743,k1 k2
524889,9999657.57376,100000083.306,454.69093315,0.999980478368,f k2
525282,9999654.71464,100000053.725,478.52262793,0.999980004955,f k1 k2
529252,9999654.71464,100000053.725,462.352883232,0.999980323913,f
530183,9999664.0257,100000047.863,440.619626351,0.999980767876,f k1 k2
532839,9999651.32749,100000047.863,421.660204085,0.999981170585,f k1
533087,9999655.20056,100000048.297,412.980587973,0.999981360046,f k1 k2
533574,9999655.20056,100000062.729,412.980587973,0.999981360045,k2
533831,9999655.20056,100000068.115,412.980587973,0.999981360044,k2
535062,9999649.85067,100000068.115,412.980587973,0.999981360049,k1
536008,9999663.62209,100000068.115,378.719772922,0.999982142089,f k1
538289,9999663.62209,100000051.807,354.940875832,0.999982720256,f k2
538847,9999663.62209,100000051.807,320.238268699,0.999983624135,f
540229,9999598.40957,100000051.807,329.063498578,0.999983386996,f k1
541248,9999601.79502,100000051.807,384.953206415,0.99998199558,f k1
542663,9999589.30622,100000007.505,384.953206415,0.999981995595,k1 k2
543125,9999589.30622,99999998.3828,384.953206415,0.999981995596,k2
543551,9999578.89939,99999981.4203,360.359346904,0.999982585832,f k1 k2
546038,9999563.89983,99999992.4002,349.263542174,0.999982863109,f k1 k2
548417,9999520.28677,99999992.4002,349.263542174,0.999982863147,k1
548933,9999541.71941,99999987.9341,321.130775373,0.999983600017,f k1 k2
551168,9999527.33267,100000014.935,321.130775373,0.999983600027,k1 k2
553879,9999507.55431,100000014.935,321.130775373,0.999983600044,k1
554297,9999506.53231,100000025.247,320.155446039,0.999983626524,f k1 k2
557055,9999528.38593,100000035.691,320.155446039,0.999983626504,k1 k2
563517,9999548.38956,100000035.691,320.155446039,0.999983626487,k1
564417,9999548.38956,100000004.431,319.71689739,0.999983638417,f k2
565272,9999550.57982,99999971.2868,319.71689739,0.999983638418,k1 k2
566523,9999572.17526,99999994.2273,313.825568151,0.999983799935,f k1 k2
567932,9999572.17526,99999994.2273,302.445526051,0.999984119066,f
568376,9999572.17526,99999994.2273,312.505969877,0.999983836455,f
569049,9999567.34944,99999998.3286,312.505969877,0.999983836459,k1 k2
572360,9999567.34944,100000029.729,295.661046345,0.999984313973,f k2
572968,9999550.69745,100000070.093,295.661046345,0.999984313984,k1 k2
574521,9999550.69745,100000061.252,295.661046345,0.999984313985,k2
576839,9999550.69745,100000061.252,328.491062041,0.999983402264,f
578103,9999566.80207,100000059.715,333.167144315,0.999983278495,f k1 k2
579568,9999566.80207,100000070.808,333.167144315,0.999983278494,k2
581140,9999555.2571,100000055.51,323.736079181,0.999983529588,f k1 k2
581305,9999555.2571,100000038.475,323.736079181,0.999983529589,k2
582709,9999591.13464,100000038.475,338.417672029,0.999983141201,f k1
583238,9999564.77546,100000038.475,332.474017477,0.999983296753,f k1
583376,9999559.58565,100000018.437,332.474017477,0.999983296759,k1 k2
586554,9999556.74985,100000018.437,327.281353976,0.999983434512,f k1
588117,9999556.74985,100000005.785,327.281353976,0.999983434513,k2
591806,9999557.77902,99999970.4317,327.281353976,0.999983434515,k1 k2
592154,9999557.77902,99999990.2978,347.603701938,0.999982905213,f k2
592992,9999560.04925,100000002.707,351.717097184,0.999982801182,f k1 k2
593551,9999560.04925,100000000.687,351.717097184,0.999982801183,k2
594523,9999531.87478,99999988.5176,341.520207793,0.99998306096,f k1 k2
600526,9999542.71648,99999988.5176,341.520207793,0.99998306095,k1
600734,9999542.71648,99999988.5176,350.326528341,0.999982836254,f
601179,9999562.76163,100000005.884,350.326528341,0.999982836235,k1 k2
602862,9999547.06693,99999987.1758,350.326528341,0.99998283625,k1 k2
606719,9999539.50397,99999987.1758,352.117128093,0.999982791138,f k1
607776,9999547.12833,99999995.4724,343.057605396,0.999983021378,f k1 k2
607970,9999547.12833,99999995.3493,343.057605396,0.999983021378,k2
608642,9999547.12833,100000003.15,360.62858807,0.999982579218,f k2
612086,9999520.2479,100000003.15,360.62858807,0.999982579242,k1
614217,9999523.82372,100000003.15,360.62858807,0.999982579239,k1
614612,9999501.44871,100000012.112,385.446620022,0.999981984156,f k1 k2
614991,9999496.21223,100000012.112,385.446620022,0.999981984161,k1
615400,9999518.82179,100000035.467,387.464061445,0.999981937176,f k1 k2
616308,9999518.82179,99999997.659,382.375833845,0.999982056018,f k2
617209,9999522.42464,100000011.614,399.344181264,0.999981664695,f k1 k2
621045,9999522.42464,100000004.678,399.344181264,0.999981664695,k2
623547,9999489.70273,99999963.3085,412.182431765,0.999981377793,f k1 k2
623980,9999511.25438,99999945.7527,436.222865421,0.999980860089,f k1 k2
624496,9999516.32582,99999945.7527,432.741847472,0.999980933532,f k1
627475,9999536.312,99999945.7527,432.741847472,0.999980933514,k1
628361,9999536.84207,99999945.7527,432.741847472,0.999980933514,k1
628903,9999545.83493,99999949.2704,432.318391672,0.999980942474,f k1 k2
628981,9999551.63859,99999971.3504,445.031351868,0.999980676383,f k1 k2
629779,9999551.63859,99999971.3504,429.521212899,0.999981001897,f
630227,9999551.63859,99999993.4513,470.579759485,0.999980160567,f k2
631069,9999534.41375,100000005.776,456.933566752,0.99998043305,f k1 k2
632146,9999526.35403,100000005.776,456.933566752,0.999980433058,k1
638902,9999529.70717,100000005.776,456.933566752,0.999980433055,k1
639009,9999543.26623,100000015.468,447.311490372,0.999980629345,f k1 k2
641617,9999543.26623,100000015.468,441.357482572,0.999980752614,f
645445,9999516.95106,100000015.468,460.727734128,0.999980356622,f k1
645970,9999477.32898,100000015.468,449.771439021,0.999980578881,f k1
646565,9999437.32518,100000019.163,412.976996986,0.999981360324,f k1 k2
647837,9999426.26104,100000015.897,412.976996986,0.999981360334,k1 k2
651328,9999432.79357,99999970.9683,412.976996986,0.999981360332,k1 k2
651629,9999415.15414,99999970.9683,412.976996986,0.999981360348,k1
652238,9999440.34244,99999974.5019,432.760672084,0.9999809332,f k1 k2
652546,9999427.53865,99999974.5019,432.760672084,0.999980933212,k1
652679,9999405.62474,99999956.2843,432.760672084,0.999980933233,k1 k2
653269,9999405.62474,99999956.2843,431.430040473,0.99998096144,f
653463,9999436.1995,99999946.6336,414.579160583,0.999981325108,f k1 k2
653526,9999391.42763,99999914.0993,415.186401744,0.999981311831,f k1 k2
655878,9999391.42763,99999914.0993,393.914941659,0.999981788492,f
659327,9999353.6809,99999914.0993,393.914941659,0.999981788526,k1
661407,9999353.6809,99999889.0206,400.717460583,0.999981633798,f k2
662956,9999344.2308,99999884.4682,415.665023338,0.999981301388,f k1 k2
664595,9999341.80097,99999874.5274,409.388045071,0.999981439744,f k1 k2
666747,9999341.00636,99999856.7551,387.54995381,0.999981935355,f k1 k2
666780,9999336.68695,99999879.1355,390.431244493,0.999981868651,f k1 k2
674675,9999312.18116,99999867.6046,401.616601019,0.99998161355,f k1 k2
679257,9999319.51639,99999837.9904,401.283766325,0.999981621051,f k1 k2
679279,9999318.6129,99999821.1174,380.638903142,0.99998209708,f k1 k2
679686,9999324.28961,99999805.6264,360.735719307,0.99998257679,f k1 k2
682819,9999365.39439,99999805.6264,366.062440948,0.999982446259,f k1
684919,9999365.39439,99999805.6264,408.447216476,0.999981460618,f
692588,9999365.39439,99999785.3243,408.447216476,0.99998146062,k2
697736,9999365.39439,99999785.3243,420.06018777,0.999981205544,f
699526,9999365.39439,99999785.3243,446.687020557,0.999980642391,f
701681,9999367.52662,99999785.3243,446.687020557,0.999980642389,k1
702598,9999365.43303,99999782.9533,446.687020557,0.999980642391,k1 k2
702847,9999398.39725,99999743.907,437.787587001,0.999980827355,f k1 k2
702865,9999398.39725,99999784.4323,437.787587001,0.999980827352,k2
707677,9999375.57777,99999784.4323,421.539915983,0.99998117346,f k1
708821,9999356.85767,99999793.7895,419.51234185,0.99998121745,f k1 k2
711032,9999360.4589,99999804.3124,414.81723982,0.999981319964,f k1 k2
713554,9999360.4589,99999806.8092,444.31291114,0.999980691437,f k2
715384,9999381.90689,99999819.8456,444.31291114,0.999980691416,k1 k2
715792,9999390.29417,99999833.0774,444.31291114,0.999980691407,k1 k2
719429,9999390.29417,99999827.2921,444.31291114,0.999980691408,k2
722759,9999390.29417,99999787.8879,440.808348677,0.999980764213,f k2
724461,9999431.19918,99999796.7535,431.854970406,0.999980952415,f k1 k2
730878,9999441.75658,99999804.0945,431.854970406,0.999980952404,k1 k2
733423,9999441.75658,99999776.3414,431.854970406,0.999980952407,k2
735566,9999442.09828,99999776.3414,431.854970406,0.999980952406,k1
743599,9999442.09828,99999775.4006,433.213536281,0.999980923633,f k2
746364,9999442.09828,99999775.4006,423.9634317,0.999981121072,f
749180,9999419.57976,99999775.4006,423.9634317,0.999981121092,k1
750994,9999419.57976,99999776.299,437.824973399,0.999980826549,f k2
751431,9999402.3623,99999722.2336,438.645979938,0.999980809372,f k1 k2
751915,9999432.16888,99999744.5266,430.382626608,0.999980983688,f k1 k2
751919,9999413.75685,99999753.9908,430.382626608,0.999980983704,k1 k2
752312,9999413.75685,99999772.0124,401.093251114,0.99998162527,f k2
752698,9999444.3135,99999750.1224,401.093251114,0.999981625244,k1 k2
756297,9999444.3135,99999750.1224,403.971274255,0.999981560492,f
758095,9999458.87753,99999784.1277,392.119240964,0.99998182966,f k1 k2
760912,9999436.97558,99999784.1277,392.119240964,0.99998182968,k1
765489,9999399.18524,99999784.1277,370.142531951,0.999982347335,f k1
770569,9999390.17689,99999769.4286,370.142531951,0.999982347344,k1 k2
770931,9999390.17689,99999764.533,370.142531951,0.999982347344,k2
771237,9999377.44018,99999777.2131,398.473518943,0.999981684582,f k1 k2
771874,9999357.13228,99999797.3508,398.473518943,0.999981684599,k1 k2
773802,9999360.37746,99999797.0657,408.953900675,0.999981449368,f k1 k2
777635,9999360.37746,99999842.8402,408.953900675,0.999981449364,k2
785941,9999334.92678,99999857.2837,427.347279782,0.999981048518,f k1 k2
785951,9999316.1289,99999857.2837,427.347279782,0.999981048535,k1
790962,9999342.92151,99999867.1664,441.446243408,0.999980750962,f k1 k2
794161,9999330.47196,99999879.6639,441.446243408,0.999980750972,k1 k2
794494,9999330.47196,99999867.7112,446.818436944,0.999980639708,f k2
795336,9999312.74555,99999867.7112,439.110694641,0.99998079972,f k1
796438,9999331.33329,99999852.759,439.110694641,0.999980799704,k1 k2
797971,9999335.6618,99999852.759,395.968517856,0.999981741603,f k1
798116,9999335.6618,99999852.759,376.344356644,0.999982198779,f
800735,9999335.6618,99999853.7204,397.105367423,0.999981715702,f k2
800823,9999335.6618,99999857.4265,437.46300541,0.99998083421,f k2
803677,9999335.6618,99999821.1651,437.46300541,0.999980834213,k2
804101,9999335.6618,99999811.2742,421.080395243,0.999981183444,f k2
805098,9999352.1614,99999811.2742,398.968008579,0.999981673388,f k1
805756,9999352.1614,99999823.8763,398.968008579,0.999981673387,k2
807101,9999336.98566,99999823.8763,398.968008579,0.9999816734,k1
812089,9999336.98566,99999843.0518,398.968008579,0.999981673399,k2
812250,9999336.98566,99999843.0518,406.918214593,0.999981494677,f
814905,9999330.31435,99999868.6119,406.918214593,0.999981494681,k1 k2
817556,9999342.88999,99999868.6119,359.682368947,0.999982602762,f k1
817925,9999338.99462,99999868.3876,359.682368947,0.999982602766,k1 k2
817986,9999338.99462,99999885.9666,375.399898626,0.999982221272,f k2
820786,9999369.92296,99999885.9666,374.780182897,0.999982236033,f k1
823815,9999369.67403,99999885.9666,374.780182897,0.999982236034,k1
825281,9999373.77078,99999885.9666,374.780182897,0.99998223603,k1
830036,9999390.98121,99999885.2095,353.370282201,0.999982759814,f k1 k2
831936,9999383.94449,99999881.7253,356.605563705,0.999982679014,f k1 k2
834941,9999348.59684,99999891.9689,356.605563705,0.999982679044,k1 k2
836042,9999338.54275,99999891.9689,336.543852291,0.999983190222,f k1
836182,9999332.37284,99999902.849,357.074181343,0.999982667403,f k1 k2
836269,9999336.38971,99999878.0385,349.783593807,0.999982850162,f k1 k2
839311,9999326.33506,99999878.0385,344.104141198,0.99998299473,f k1
840334,9999326.33506,99999898.2564,397.240126253,0.999981712641,f k2
844754,9999326.33506,99999921.274,363.841758018,0.999982500494,f k2
845829,9999326.33506,99999921.274,390.683292931,0.999981862841,f
847842,9999326.33506,99999901.5757,374.067324996,0.999982253107,f k2
849520,9999346.36351,99999923.5737,385.816310932,0.999981975681,f k1 k2
859043,9999322.02221,99999918.5875,375.551960305,0.999982217659,f k1 k2
862140,9999345.94988,99999955.8929,375.551960305,0.999982217635,k1 k2
869523,9999346.56387,99999941.7824,366.5379796,0.999982434691,f k1 k2
869764,9999346.56387,99999959.2166,388.178378746,0.999981920758,f k2
870465,9999356.04435,99999947.985,385.882543865,0.999981974126,f k1 k2
873906,9999356.04435,99999941.1351,403.28691347,0.999981575918,f k2
874268,9999356.04435,99999946.0195,417.103850281,0.999981269906,f k2
875539,9999351.91708,99999946.0195,429.6169836,0.999981000041,f k1
882605,9999351.91708,99999986.7446,429.6169836,0.999981000037,k2
884425,9999333.42022,99999998.6025,406.404502997,0.999981506127,f k1 k2
887878,9999343.04493,100000012.879,399.314626613,0.999981665525,f k1 k2
891139,9999308.67204,100000016.452,398.843239455,0.999981676238,f k1 k2
893043,9999287.4941,100000035.307,393.301759247,0.999981802632,f k1 k2
893745,9999297.42452,100000035.307,394.255342351,0.999981780771,f k1
895335,9999312.90864,100000052.958,394.255342351,0.999981780756,k1 k2
896316,9999303.34483,100000052.958,370.740196101,0.999982332987,f k1
899744,9999295.25344,100000052.353,354.253054895,0.999982737775,f k1 k2
900462,9999302.06913,100000045.787,374.607953331,0.999982240194,f k1 k2
907580,9999275.11105,100000045.787,362.864041746,0.999982524484,f k1
907972,9999275.11105,100000015.077,344.813235761,0.999982976608,f k2
908739,9999275.32187,100000006.379,323.79702117,0.999983528192,f k1 k2
910793,9999265.31537,100000020.162,323.79702117,0.9999835282,k1 k2
912358,9999286.25493,100000004.821,336.534114898,0.999983190513,f k1 k2
915991,9999286.25493,100000038.701,315.596902548,0.999983751351,f k2
916799,9999304.97098,100000058.956,348.057319891,0.999982893908,f k1 k2
916880,9999295.58351,100000037.35,321.991270735,0.999983576918,f k1 k2
920202,9999301.26144,100000019.331,352.349503398,0.999982785504,f k1 k2
920278,9999307.3409,99999995.2444,352.349503398,0.9999827855,k1 k2
922655,9999302.59973,100000028.62,378.609280411,0.999982145029,f k1 k2
923991,9999335.13466,100000062.545,372.712565033,0.999982285537,f k1 k2
924054,9999335.13466,100000089.109,386.52442924,0.999981959183,f k2
925471,9999335.13466,100000089.109,401.178165345,0.999981623398,f
927958,9999335.13466,100000089.109,398.696718947,0.999981679531,f
930660,9999335.13466,100000089.109,410.447001381,0.999981416267,f
931273,9999343.01653,100000089.109,384.696181835,0.999982001812,f k1
932332,9999343.01653,100000089.109,338.017616431,0.999983151811,f
934917,9999358.48702,100000089.109,338.017616431,0.999983151798,k1
936670,9999322.85749,100000080.42,331.826060179,0.999983314052,f k1 k2
942215,9999322.85749,100000057.657,331.826060179,0.999983314054,k2
942721,9999320.79572,100000057.657,345.825596991,0.999982950698,f k1
944661,9999295.62599,100000083.51,318.358846387,0.99998367565,f k1 k2
950951,9999295.62599,100000059.33,318.358846387,0.999983675652,k2
951008,9999291.77486,100000043.563,319.882845294,0.999983634121,f k1 k2
951928,9999276.76374,100000057.084,335.325803493,0.999983222097,f k1 k2
953451,9999275.62984,100000069.365,320.210452341,0.999983625225,f k1 k2
960359,9999282.59484,100000058.792,327.001047136,0.999983442233,f k1 k2
962248,9999286.66405,100000058.792,327.001047136,0.999983442229,k1
963752,9999287.89415,100000065.865,327.001047136,0.999983442228,k1 k2
964543,9999273.82531,100000065.865,327.001047136,0.99998344224,k1
969293,9999243.84987,100000041.301,327.001047136,0.999983442268,k1 k2
969419,9999243.84987,100000041.301,325.824473291,0.99998347375,f
970358,9999243.84987,100000041.301,339.783974851,0.999983106068,f
973372,9999236.86477,100000041.301,339.783974851,0.999983106074,k1
975291,9999244.28736,100000041.301,337.161309569,0.999983174191,f k1
977715,9999268.27454,100000063.504,310.431925542,0.999983894363,f k1 k2
977880,9999262.60055,100000059.802,278.714012768,0.999984817282,f k1 k2
978358,9999260.02668,100000060.402,252.099640528,0.999985658881,f k1 k2
978398,9999300.43791,100000083.735,265.945145813,0.999985212682,f k1 k2
979368,9999300.43791,100000099.543,265.945145813,0.999985212681,k2
984531,9999303.08211,100000099.543,269.314505573,0.999985106893,f k1
986651,9999280.85745,100000099.543,253.128452688,0.999985625052,f k1
987561,9999280.85745,100000095.355,253.128452688,0.999985625053,k2
988513,9999280.85745,100000081.479,253.128452688,0.999985625054,k2
994855,9999285.57163,100000071.472,226.291738275,0.999986544543,f k1 k2
996179,9999285.41705,100000073.697,226.186500159,0.999986548312,f k1 k2
997249,9999285.41705,100000078.384,226.186500159,0.999986548312,k2
997591,9999311.89825,100000068.201,231.209864671,0.999986369886,f k1 k2
998357,9999315.28494,100000062.616,210.093470332,0.999987141187,f k1 k2
999536,9999290.73376,100000062.616,210.093470332,0.999987141207,k1
