gen,k1,k2,f,w,paramsMuted
8915,9999968.6343,100000000.0,10,1.0,k1
10090,9999968.83893,99999966.7676,10,1.0,k1 k2
12709,9999952.43499,99999958.0157,9.56660056085,0.999973231174,f k1 k2
14596,9999951.9307,99999958.0157,9.56660056085,0.999973231114,k1
30649,9999951.9307,99999907.1347,9.56660056085,0.999973230589,k2
33458,9999915.59794,99999897.88,9.56660056085,0.999973226173,k1 k2
44704,9999897.55184,99999897.88,9.56660056085,0.999973224027,k1
49745,9999897.55184,99999911.7122,9.56660056085,0.99997322417,k2
66524,9999898.47438,99999898.8288,9.56660056085,0.999973224147,k1 k2
71764,9999906.67708,99999898.8288,9.56660056085,0.999973225122,k1
72190,9999934.82771,99999904.6635,9.56660056085,0.99997322853,k1 k2
83097,9999922.88159,99999919.733,9.56660056085,0.999973227265,k1 k2
90292,9999919.00446,99999927.0399,9.56660056085,0.999973226879,k1 k2
104642,9999919.00446,99999952.5692,9.56660056085,0.999973227142,k2
109073,9999919.00446,99999942.0763,9.56660056085,0.999973227034,k2
124929,9999947.31453,99999930.0437,9.39312394171,0.999946610006,f k1 k2
126142,9999947.31453,99999939.4483,9.39312394171,0.999946610143,k2
131093,9999939.1723,99999918.6289,9.39312394171,0.999946608474,k1 k2
134339,10000010.0777,99999944.3744,10.6492958804,0.999945735441,f k1 k2
134911,10000010.0777,99999917.1227,10.6492958804,0.999945735843,k2
149176,9999994.57152,99999933.2693,10.6492958804,0.999945738245,k1 k2
154018,9999991.8928,99999920.8026,10.6492958804,0.999945738886,k1 k2
162342,10000007.6985,99999885.576,10.6492958804,0.999945736715,k1 k2
162836,10000000.1101,99999818.4163,11.3815044063,0.999769637301,f k1 k2
168208,10000012.175,99999837.4812,11.3815044063,0.999769632472,k1 k2
177280,10000012.175,99999837.4812,8.34527141283,0.999557528773,f
180794,10000022.6532,99999814.5194,10.2712114639,0.999990199259,f k1 k2
181110,10000022.3114,99999814.5194,10.2712114639,0.999990199284,k1
181535,10000054.6629,99999803.346,10.2712114639,0.999990197017,k1 k2
189364,10000089.2547,99999803.346,10.2712114639,0.999990194518,k1
203027,10000073.2658,99999775.3584,10.2712114639,0.999990195848,k1 k2
207243,10000071.8898,99999798.7894,10.2712114639,0.999990195801,k1 k2
211142,10000071.8898,99999783.0682,10.2712114639,0.999990195899,k2
212533,10000071.8898,99999805.2931,10.2712114639,0.99999019576,k2
222928,10000049.4463,99999798.93,10.2712114639,0.999990197421,k1 k2
224309,10000048.4535,99999834.5513,10.2712114639,0.99999019727,k1 k2
232277,10000015.2043,99999829.0691,10.2712114639,0.999990199706,k1 k2
234808,10000000.4085,99999829.0691,10.2712114639,0.999990200775,k1
235145,10000000.4085,99999849.2916,10.2712114639,0.999990200648,k2
242324,9999998.25545,99999830.587,10.2712114639,0.999990200921,k1 k2
242973,9999998.25545,99999840.9175,8.96471673121,0.999837776977,f k2
248593,9999991.72432,99999843.2445,8.96471673121,0.999837775131,k1 k2
256845,10000005.1391,99999839.1011,10.9020857694,0.999897597113,f k1 k2
258026,10000035.6575,99999825.3646,10.9020857694,0.999897590245,k1 k2
264304,10000035.6575,99999837.1759,10.9020857694,0.999897590005,k2
274525,10000035.6575,99999856.1535,10.9020857694,0.999897589619,k2
281534,10000035.6575,99999843.5175,10.9020857694,0.999897589876,k2
286645,10000024.5056,99999843.5175,10.9020857694,0.999897592488,k1
295747,10000024.5056,99999836.0145,10.9020857694,0.99989759264,k2
297897,10000019.5058,99999862.887,10.9020857694,0.999897593265,k1 k2
300416,10000019.5058,99999861.9073,10.9020857694,0.999897593285,k2
303013,10000019.5058,99999847.6634,10.9020857694,0.999897593574,k2
311086,10000020.2134,99999847.6634,10.9020857694,0.999897593409,k1
311874,10000037.7554,99999818.7284,10.9020857694,0.999897589888,k1 k2
312133,10000026.4452,99999813.9525,10.9020857694,0.999897592634,k1 k2
316676,10000026.4452,99999788.6577,10.9020857694,0.999897593148,k2
325750,10000046.626,99999797.9011,10.9020857694,0.999897588234,k1 k2
329073,10000046.626,99999752.2792,10.9020857694,0.999897589161,k2
339185,10000030.5198,99999752.2792,10.9020857694,0.999897592933,k1
344129,10000030.5198,99999743.2953,10.9020857694,0.999897593116,k2
344275,10000030.5198,99999757.3028,10.9020857694,0.999897592831,k2
346514,10000067.5737,99999801.2979,12.9843929617,0.999056074146,f k1 k2
348530,10000067.5737,99999792.3876,12.9843929617,0.999056074701,k2
351409,10000067.5737,99999783.5786,8.21924155891,0.999480477149,f k2
351755,10000046.4324,99999792.4403,8.21924155891,0.999480466578,k1 k2
355411,10000046.4324,99999760.7544,8.21924155891,0.999480465154,k2
361688,10000031.7202,99999756.2847,9.9299589269,0.999999325305,f k1 k2
364979,10000025.3002,99999756.2847,9.9299589269,0.999999325183,k1
365559,10000020.9602,99999789.8333,9.9299589269,0.999999325156,k1 k2
370616,10000006.0326,99999808.4906,10.0628141996,0.99999946415,f k1 k2
372122,10000006.0326,99999783.2605,10.0628141996,0.999999464186,k2
375004,9999981.02069,99999753.2759,10.0628141996,0.999999464652,k1 k2
377425,9999974.1676,99999747.8421,10.0628141996,0.999999464776,k1 k2
384727,9999974.1676,99999747.8421,11.0845217382,0.999854353581,f
387175,9999974.1676,99999782.0403,11.0845217382,0.999854352752,k2
395388,9999958.69232,99999752.963,11.0845217382,0.999854357783,k1 k2
400776,9999943.65702,99999773.5446,11.0845217382,0.999854361486,k1 k2
405079,9999980.73792,99999773.5446,11.0845217382,0.999854351121,k1
405584,9999980.73792,99999782.1512,11.0845217382,0.999854350912,k2
414043,9999974.13997,99999782.1512,11.0845217382,0.999854352757,k1
422398,9999968.6296,99999791.6613,11.0845217382,0.999854354066,k1 k2
424770,9999997.62392,99999804.5026,11.0845217382,0.99985434565,k1 k2
425502,10000002.1893,99999804.5026,11.0845217382,0.999854344374,k1
428101,10000002.1893,99999793.8125,9.55370104832,0.999971582653,f k2
432266,10000032.7331,99999793.8125,9.55370104832,0.999971586395,k1
435097,10000023.7171,99999793.8125,9.55370104832,0.99997158529,k1
435918,10000045.9759,99999778.4505,9.55370104832,0.999971587854,k1 k2
435926,10000048.1543,99999778.4505,9.55370104832,0.99997158812,k1
444009,10000064.7417,99999808.1391,9.55370104832,0.999971590468,k1 k2
460483,10000064.7417,99999819.2175,9.55370104832,0.999971590585,k2
463984,10000049.8605,99999819.2175,9.55370104832,0.999971588762,k1
464261,10000037.8304,99999819.2175,9.55370104832,0.999971587289,k1
467570,10000010.5139,99999819.2175,9.55370104832,0.999971583942,k1
475652,10000010.5139,99999826.2585,9.55370104832,0.999971584017,k2
481107,10000008.4248,99999845.0133,9.55370104832,0.999971583961,k1 k2
482175,10000008.4248,99999857.8261,9.55370104832,0.999971584097,k2
483797,10000031.3014,99999859.3446,9.55370104832,0.999971586915,k1 k2
489480,10000031.3014,99999872.7388,9.55370104832,0.999971587057,k2
495966,10000031.3014,99999886.7958,9.55370104832,0.999971587207,k2
498338,10000031.3014,99999916.8856,9.55370104832,0.999971587526,k2
499689,9999994.90166,99999894.6951,9.55370104832,0.999971582832,k1 k2
501005,9999988.15729,99999894.6951,9.55370104832,0.999971582005,k1
506241,9999965.32429,99999894.6951,9.55370104832,0.999971579208,k1
511085,9999965.32429,99999903.7427,9.55370104832,0.999971579304,k2
513020,9999957.30795,99999903.7427,9.55370104832,0.999971578322,k1
518367,9999957.30795,99999895.1705,9.55370104832,0.999971578231,k2
519521,9999912.04175,99999895.1705,9.55370104832,0.999971572685,k1
525783,9999912.04175,99999908.4903,9.55370104832,0.999971572826,k2
532076,9999876.50746,99999908.4903,9.55370104832,0.999971568472,k1
533616,9999855.66524,99999908.4903,9.55370104832,0.999971565918,k1
536365,9999855.66524,99999900.1146,9.55370104832,0.999971565829,k2
538291,9999844.56329,99999854.4613,9.55370104832,0.999971563983,k1 k2
542760,9999844.56329,99999850.3329,9.55370104832,0.999971563939,k2
543182,9999866.38615,99999850.3329,9.55370104832,0.999971566614,k1
546843,9999866.38615,99999828.623,9.55370104832,0.999971566383,k2
547343,9999866.38615,99999818.9194,9.55370104832,0.99997156628,k2
553339,9999866.38615,99999806.6726,9.55370104832,0.99997156615,k2
554458,9999817.59123,99999819.4834,9.55370104832,0.999971560306,k1 k2
555239,9999817.59123,99999808.6067,9.55370104832,0.99997156019,k2
555477,9999790.7306,99999790.8932,9.55370104832,0.99997155671,k1 k2
556128,9999797.05735,99999790.8932,9.55370104832,0.999971557486,k1
558525,9999797.05735,99999790.8932,10.1189459099,0.999998095067,f
561973,9999835.16201,99999790.8932,10.3237313119,0.999986119972,f k1
562325,9999835.16201,99999817.3385,10.3237313119,0.999986119775,k2
567605,9999835.16201,99999852.7952,10.3237313119,0.99998611951,k2
575857,9999835.16201,99999844.1639,10.3237313119,0.999986119575,k2
592121,9999819.90311,99999844.1639,10.3237313119,0.999986120887,k1
592268,9999777.80999,99999825.2291,10.3237313119,0.999986124647,k1 k2
598396,9999777.80999,99999854.5243,10.3237313119,0.999986124429,k2
599443,9999777.80999,99999835.3715,10.3237313119,0.999986124572,k2
609217,9999789.03361,99999835.3715,10.3237313119,0.999986123607,k1
610954,9999783.6842,99999835.3715,10.3237313119,0.999986124066,k1
618000,9999783.6842,99999820.8814,10.3237313119,0.999986124175,k2
618075,9999773.86133,99999809.142,10.3237313119,0.999986125107,k1 k2
619347,9999751.86557,99999809.142,10.3237313119,0.999986126998,k1
625003,9999768.6171,99999829.1532,10.3237313119,0.999986125408,k1 k2
634305,9999777.27023,99999835.4885,10.8102841854,0.999916751422,f k1 k2
637067,9999777.27023,99999847.8152,10.8102841854,0.999916751196,k2
638999,9999787.96008,99999847.8152,10.8102841854,0.99991674894,k1
639952,9999775.06054,99999847.8152,10.8102841854,0.999916751663,k1
640055,9999775.06054,99999832.2107,10.8102841854,0.999916751949,k2
653263,9999809.26752,99999832.2107,10.8102841854,0.999916744728,k1
655695,9999819.96409,99999818.8324,10.8102841854,0.999916742715,k1 k2
674732,9999819.96409,99999789.7833,10.8102841854,0.999916743247,k2
676479,9999819.96409,99999805.6558,10.8102841854,0.999916742956,k2
683398,9999879.43645,99999805.6558,10.8102841854,0.999916730402,k1
687509,9999898.15268,99999805.6558,10.8102841854,0.999916726451,k1
689849,9999927.63157,99999805.6558,10.8102841854,0.999916720227,k1
700579,9999893.12355,99999805.6558,10.8102841854,0.999916727512,k1
708624,9999856.8871,99999804.372,10.8102841854,0.999916735186,k1 k2
711764,9999856.8871,99999829.9496,10.8102841854,0.999916734717,k2
727240,9999858.86345,99999824.2421,10.8102841854,0.999916734405,k1 k2
736975,9999858.86345,99999828.7315,10.8102841854,0.999916734322,k2
738983,9999855.85814,99999812.1222,10.8102841854,0.999916735261,k1 k2
742770,9999862.80373,99999844.131,10.8102841854,0.999916733208,k1 k2
750270,9999862.80373,99999849.9238,10.8102841854,0.999916733102,k2
754346,9999862.80373,99999844.37,10.8102841854,0.999916733204,k2
766635,9999881.06833,99999845.7479,10.8102841854,0.999916729323,k1 k2
769145,9999882.56597,99999852.1162,10.8102841854,0.99991672889,k1 k2
769179,9999897.77214,99999883.3316,10.8102841854,0.999916725108,k1 k2
776049,9999897.88447,99999883.3316,10.8102841854,0.999916725085,k1
782878,9999896.54528,99999883.3316,10.8102841854,0.999916725367,k1
785903,9999879.99093,99999918.6067,10.8102841854,0.999916728216,k1 k2
788048,9999879.99093,99999872.8326,10.8102841854,0.999916729054,k2
792707,9999913.74882,99999874.6626,10.8102841854,0.999916721894,k1 k2
796405,9999926.533,99999874.6626,10.8102841854,0.999916719195,k1
801062,9999926.533,99999874.5191,10.8102841854,0.999916719198,k2
804329,9999966.20634,99999905.2546,10.8102841854,0.999916710259,k1 k2
822399,10000006.3167,99999855.734,10.8102841854,0.999916702697,k1 k2
825926,10000035.985,99999855.734,10.8102841854,0.999916696433,k1
827359,10000045.2057,99999854.5883,10.8102841854,0.999916694507,k1 k2
827516,10000082.894,99999854.5883,10.8102841854,0.999916686549,k1
829476,10000104.0482,99999854.5883,10.8102841854,0.999916682082,k1
830293,10000105.0325,99999887.6941,10.8102841854,0.999916681268,k1 k2
832973,10000105.0325,99999830.6823,10.8102841854,0.999916682312,k2
842151,10000106.324,99999830.6823,10.8102841854,0.99991668204,k1
845830,10000101.8237,99999830.6823,10.8102841854,0.99991668299,k1
848545,10000099.3953,99999796.5829,10.8102841854,0.999916684127,k1 k2
858235,10000147.9991,99999796.5829,10.8102841854,0.999916673864,k1
862899,10000148.4252,99999796.5829,10.8102841854,0.999916673774,k1
880259,10000148.4252,99999807.4339,10.8102841854,0.999916673575,k2
883290,10000148.4252,99999799.5617,10.8102841854,0.999916673719,k2
884946,10000148.4252,99999793.9889,10.8102841854,0.999916673821,k2
889393,10000148.4252,99999793.9889,9.99382506102,0.999999995001,f
889890,10000199.9282,99999793.9889,9.99382506102,0.999999995085,k1
892045,10000191.2134,99999773.892,9.99382506102,0.999999995068,k1 k2
896364,10000195.8522,99999751.6144,9.99382506102,0.999999995072,k1 k2
899060,10000205.705,99999747.4075,9.99382506102,0.999999995087,k1 k2
900411,10000246.4317,99999740.2132,9.99382506102,0.999999995152,k1 k2
902729,10000231.9722,99999762.7173,9.99382506102,0.999999995132,k1 k2
906353,10000231.9722,99999774.8863,9.99382506102,0.999999995134,k2
908090,10000253.5763,99999753.4273,10.9224710259,0.999893051662,f k1 k2
920870,10000257.1473,99999736.6649,10.9224710259,0.999893051155,k1 k2
924390,10000256.364,99999709.109,10.9224710259,0.999893051915,k1 k2
926138,10000256.364,99999709.2123,10.9224710259,0.999893051913,k2
935591,10000266.3587,99999709.2123,10.9224710259,0.999893049521,k1
937337,10000266.3587,99999681.8279,10.9224710259,0.999893050089,k2
940775,10000234.1748,99999674.9392,10.9224710259,0.999893057936,k1 k2
942804,10000234.1748,99999655.5141,10.9224710259,0.999893058339,k2
942925,10000207.8819,99999655.5141,10.9224710259,0.999893064633,k1
953604,10000235.4755,99999674.6646,10.9224710259,0.99989305763,k1 k2
957327,10000210.4615,99999678.6942,10.9224710259,0.999893063534,k1 k2
957932,10000222.865,99999678.6942,10.9224710259,0.999893060565,k1
958319,10000222.865,99999662.0664,10.9224710259,0.99989306091,k2
963687,10000183.7521,99999662.0664,10.9224710259,0.999893070272,k1
965168,10000183.7521,99999676.2207,10.9224710259,0.999893069978,k2
967605,10000176.3426,99999676.2207,10.9224710259,0.999893071751,k1
969378,10000176.3426,99999666.3034,10.9224710259,0.999893071957,k2
977701,10000176.3426,99999691.366,10.9224710259,0.999893071437,k2
979742,10000156.6068,99999691.366,10.9224710259,0.99989307616,k1
989327,10000143.7733,99999704.887,10.9224710259,0.999893078951,k1 k2
992696,10000147.9844,99999691.1248,10.9224710259,0.999893078229,k1 k2
